<?xml version="1.0" encoding="UTF-8"?>
<!-- Generated by org.testng.reporters.JUnitReportReporter -->
<testsuite hostname="Supriyas-MacBook-Pro.local" failures="0" tests="1" name="SupriyaAssignment.Android.AddIncome" time="19.209" errors="0" timestamp="2025-06-10T19:39:49 CEST" skipped="0">
  <testcase classname="SupriyaAssignment.Android.AddIncome" name="AddfirstIncome" time="19.209"/>
</testsuite> <!-- SupriyaAssignment.Android.AddIncome -->
